<?xml version="1.0" encoding="UTF-8"?>
<!-- Generated by org.testng.reporters.JUnitReportReporter -->
<testsuite hostname="RAXIT" failures="0" tests="8" name="tests.Test_1" time="35.402" errors="0" timestamp="2025-09-17T13:18:15 IST" skipped="0">
  <testcase classname="tests.Test_1" name="testSignUp" time="3.805"/>
  <testcase classname="tests.Test_1" name="testSignUp" time="6.301"/>
  <testcase classname="tests.Test_1" name="testSignUp" time="5.650"/>
  <testcase classname="tests.Test_1" name="testSignUp" time="3.799"/>
  <testcase classname="tests.Test_1" name="testSignUp" time="4.501"/>
  <testcase classname="tests.Test_1" name="testSignUp" time="3.713"/>
  <testcase classname="tests.Test_1" name="testSignUp" time="3.190"/>
  <testcase classname="tests.Test_1" name="testSignUp" time="4.443"/>
</testsuite> <!-- tests.Test_1 -->
