<?xml version="1.0" encoding="UTF-8"?>
<!-- Generated by org.testng.reporters.JUnitReportReporter -->
<testsuite hostname="RAXIT" failures="0" tests="8" name="tests.Test_3" time="9.877" errors="0" timestamp="2025-09-17T13:18:15 IST" skipped="0">
  <testcase classname="tests.Test_3" name="testProductSearch" time="1.013"/>
  <testcase classname="tests.Test_3" name="testProductSearch" time="0.942"/>
  <testcase classname="tests.Test_3" name="testProductSearch" time="1.288"/>
  <testcase classname="tests.Test_3" name="testProductSearch" time="2.765"/>
  <testcase classname="tests.Test_3" name="testProductSearch" time="1.231"/>
  <testcase classname="tests.Test_3" name="testProductSearch" time="1.340"/>
  <testcase classname="tests.Test_3" name="testProductSearch" time="0.681"/>
  <testcase classname="tests.Test_3" name="testProductSearch" time="0.617"/>
</testsuite> <!-- tests.Test_3 -->
