<?xml version="1.0" encoding="UTF-8"?>
<!-- Generated by org.testng.reporters.JUnitReportReporter -->
<testsuite hostname="RAXIT" failures="0" tests="6" name="tests.Test_4" time="74.327" errors="0" timestamp="2025-09-17T13:18:15 IST" skipped="0">
  <testcase classname="tests.Test_4" name="testCheckoutFlow" time="11.354"/>
  <testcase classname="tests.Test_4" name="testCheckoutFlow" time="9.552"/>
  <testcase classname="tests.Test_4" name="testCheckoutFlow" time="10.577"/>
  <testcase classname="tests.Test_4" name="testCheckoutFlow" time="14.633"/>
  <testcase classname="tests.Test_4" name="testCheckoutFlow" time="12.727"/>
  <testcase classname="tests.Test_4" name="testCheckoutFlow" time="15.484"/>
</testsuite> <!-- tests.Test_4 -->
