<?xml version="1.0" encoding="UTF-8"?>
<!-- Generated by org.testng.reporters.JUnitReportReporter -->
<testsuite hostname="RAXIT" failures="0" tests="8" name="tests.Test_5" time="42.668" errors="0" timestamp="2025-09-17T13:18:15 IST" skipped="0">
  <testcase classname="tests.Test_5" name="testFindOwner" time="8.332"/>
  <testcase classname="tests.Test_5" name="testFindOwner" time="6.521"/>
  <testcase classname="tests.Test_5" name="testFindOwner" time="3.333"/>
  <testcase classname="tests.Test_5" name="testFindOwner" time="6.671"/>
  <testcase classname="tests.Test_5" name="testFindOwner" time="6.842"/>
  <testcase classname="tests.Test_5" name="testFindOwner" time="4.165"/>
  <testcase classname="tests.Test_5" name="testFindOwner" time="2.573"/>
  <testcase classname="tests.Test_5" name="testFindOwner" time="4.231"/>
</testsuite> <!-- tests.Test_5 -->
